{"name": "Переход с главной страницы сайта\n              в категорию \"Сериалы\"", "status": "broken", "statusDetails": {"message": "selenium.common.exceptions.NoSuchElementException: Message: no such element: Unable to locate element: {\"method\":\"xpath\",\"selector\":\"/html[1]/body[1]/div[1]/div[1]/div[2]/div[2]/div[1]/div[1]/div[1]/div[1]/div[1]/div[1]/nav[1]/ul[1]/li[4]/a[1]\"}\n  (Session info: chrome=130.0.6723.71); For documentation on this error, please visit: https://www.selenium.dev/documentation/webdriver/troubleshooting/errors#no-such-element-exception\nStacktrace:\n\tGetHandleVerifier [0x00FC38B3+24035]\n\t(No symbol) [0x00F4BC44]\n\t(No symbol) [0x00E2C2D3]\n\t(No symbol) [0x00E6DC86]\n\t(No symbol) [0x00E6DECB]\n\t(No symbol) [0x00EAB9D2]\n\t(No symbol) [0x00E8FED4]\n\t(No symbol) [0x00EA953F]\n\t(No symbol) [0x00E8FC26]\n\t(No symbol) [0x00E6218C]\n\t(No symbol) [0x00E6310D]\n\tGetHandleVerifier [0x012696D3+2800643]\n\tGetHandleVerifier [0x012C428E+3172286]\n\tGetHandleVerifier [0x012BCEA2+3142610]\n\tGetHandleVerifier [0x01066C60+692624]\n\t(No symbol) [0x00F54C5D]\n\t(No symbol) [0x00F51968]\n\t(No symbol) [0x00F51B00]\n\t(No symbol) [0x00F43FB0]\n\tBaseThreadInitThunk [0x7627FCC9+25]\n\tRtlGetAppContainerNamedObjectPath [0x77CE809E+286]\n\tRtlGetAppContainerNamedObjectPath [0x77CE806E+238]", "trace": "driver = <selenium.webdriver.chrome.webdriver.WebDriver (session=\"1de9ea581bda334fda1828ac75813b49\")>\n\n    @allure.suite('''UI-тесты на проверку сайта \"Кинопоиск\"''')\n    @allure.title('''Переход с главной страницы сайта\n                  в категорию \"Сериалы\"''')\n    @pytest.mark.positive_test\n    def test_tv_series_category(driver):\n    \n        main_page = MainPage(driver)\n        main_page.pop_up_ads()\n    \n>       main_page.tv_series_category()\n\ntest_ui.py:19: \n_ _ _ _ _ _ _ _ _ _ _ _ _ _ _ _ _ _ _ _ _ _ _ _ _ _ _ _ _ _ _ _ _ _ _ _ _ _ _ _ _ _ _ _ _ _ _ _ _ _ _ _ _ _ _ _ _ _ _ _ _ _ _ _ _ _ _ _ _ _ _ _ _ _\nPages\\Main_Page.py:45: in tv_series_category\n    serials = self.driver.find_element(*self.series_category)\nC:\\Users\\zahar\\AppData\\Local\\Programs\\Python\\Python312\\Lib\\site-packages\\selenium\\webdriver\\remote\\webdriver.py:741: in find_element\n    return self.execute(Command.FIND_ELEMENT, {\"using\": by, \"value\": value})[\"value\"]\nC:\\Users\\zahar\\AppData\\Local\\Programs\\Python\\Python312\\Lib\\site-packages\\selenium\\webdriver\\remote\\webdriver.py:347: in execute\n    self.error_handler.check_response(response)\n_ _ _ _ _ _ _ _ _ _ _ _ _ _ _ _ _ _ _ _ _ _ _ _ _ _ _ _ _ _ _ _ _ _ _ _ _ _ _ _ _ _ _ _ _ _ _ _ _ _ _ _ _ _ _ _ _ _ _ _ _ _ _ _ _ _ _ _ _ _ _ _ _ _\n\nself = <selenium.webdriver.remote.errorhandler.ErrorHandler object at 0x000001B9079A7A70>\nresponse = {'status': 404, 'value': '{\"value\":{\"error\":\"no such element\",\"message\":\"no such element: Unable to locate element: {\\...\\n\\\\tRtlGetAppContainerNamedObjectPath [0x77CE809E+286]\\\\n\\\\tRtlGetAppContainerNamedObjectPath [0x77CE806E+238]\\\\n\"}}'}\n\n    def check_response(self, response: Dict[str, Any]) -> None:\n        \"\"\"Checks that a JSON response from the WebDriver does not have an\n        error.\n    \n        :Args:\n         - response - The JSON response from the WebDriver server as a dictionary\n           object.\n    \n        :Raises: If the response contains an error message.\n        \"\"\"\n        status = response.get(\"status\", None)\n        if not status or status == ErrorCode.SUCCESS:\n            return\n        value = None\n        message = response.get(\"message\", \"\")\n        screen: str = response.get(\"screen\", \"\")\n        stacktrace = None\n        if isinstance(status, int):\n            value_json = response.get(\"value\", None)\n            if value_json and isinstance(value_json, str):\n                import json\n    \n                try:\n                    value = json.loads(value_json)\n                    if len(value) == 1:\n                        value = value[\"value\"]\n                    status = value.get(\"error\", None)\n                    if not status:\n                        status = value.get(\"status\", ErrorCode.UNKNOWN_ERROR)\n                        message = value.get(\"value\") or value.get(\"message\")\n                        if not isinstance(message, str):\n                            value = message\n                            message = message.get(\"message\")\n                    else:\n                        message = value.get(\"message\", None)\n                except ValueError:\n                    pass\n    \n        exception_class: Type[WebDriverException]\n        e = ErrorCode()\n        error_codes = [item for item in dir(e) if not item.startswith(\"__\")]\n        for error_code in error_codes:\n            error_info = getattr(ErrorCode, error_code)\n            if isinstance(error_info, list) and status in error_info:\n                exception_class = getattr(ExceptionMapping, error_code, WebDriverException)\n                break\n        else:\n            exception_class = WebDriverException\n    \n        if not value:\n            value = response[\"value\"]\n        if isinstance(value, str):\n            raise exception_class(value)\n        if message == \"\" and \"message\" in value:\n            message = value[\"message\"]\n    \n        screen = None  # type: ignore[assignment]\n        if \"screen\" in value:\n            screen = value[\"screen\"]\n    \n        stacktrace = None\n        st_value = value.get(\"stackTrace\") or value.get(\"stacktrace\")\n        if st_value:\n            if isinstance(st_value, str):\n                stacktrace = st_value.split(\"\\n\")\n            else:\n                stacktrace = []\n                try:\n                    for frame in st_value:\n                        line = frame.get(\"lineNumber\", \"\")\n                        file = frame.get(\"fileName\", \"<anonymous>\")\n                        if line:\n                            file = f\"{file}:{line}\"\n                        meth = frame.get(\"methodName\", \"<anonymous>\")\n                        if \"className\" in frame:\n                            meth = f\"{frame['className']}.{meth}\"\n                        msg = \"    at %s (%s)\"\n                        msg = msg % (meth, file)\n                        stacktrace.append(msg)\n                except TypeError:\n                    pass\n        if exception_class == UnexpectedAlertPresentException:\n            alert_text = None\n            if \"data\" in value:\n                alert_text = value[\"data\"].get(\"text\")\n            elif \"alert\" in value:\n                alert_text = value[\"alert\"].get(\"text\")\n            raise exception_class(message, screen, stacktrace, alert_text)  # type: ignore[call-arg]  # mypy is not smart enough here\n>       raise exception_class(message, screen, stacktrace)\nE       selenium.common.exceptions.NoSuchElementException: Message: no such element: Unable to locate element: {\"method\":\"xpath\",\"selector\":\"/html[1]/body[1]/div[1]/div[1]/div[2]/div[2]/div[1]/div[1]/div[1]/div[1]/div[1]/div[1]/nav[1]/ul[1]/li[4]/a[1]\"}\nE         (Session info: chrome=130.0.6723.71); For documentation on this error, please visit: https://www.selenium.dev/documentation/webdriver/troubleshooting/errors#no-such-element-exception\nE       Stacktrace:\nE       \tGetHandleVerifier [0x00FC38B3+24035]\nE       \t(No symbol) [0x00F4BC44]\nE       \t(No symbol) [0x00E2C2D3]\nE       \t(No symbol) [0x00E6DC86]\nE       \t(No symbol) [0x00E6DECB]\nE       \t(No symbol) [0x00EAB9D2]\nE       \t(No symbol) [0x00E8FED4]\nE       \t(No symbol) [0x00EA953F]\nE       \t(No symbol) [0x00E8FC26]\nE       \t(No symbol) [0x00E6218C]\nE       \t(No symbol) [0x00E6310D]\nE       \tGetHandleVerifier [0x012696D3+2800643]\nE       \tGetHandleVerifier [0x012C428E+3172286]\nE       \tGetHandleVerifier [0x012BCEA2+3142610]\nE       \tGetHandleVerifier [0x01066C60+692624]\nE       \t(No symbol) [0x00F54C5D]\nE       \t(No symbol) [0x00F51968]\nE       \t(No symbol) [0x00F51B00]\nE       \t(No symbol) [0x00F43FB0]\nE       \tBaseThreadInitThunk [0x7627FCC9+25]\nE       \tRtlGetAppContainerNamedObjectPath [0x77CE809E+286]\nE       \tRtlGetAppContainerNamedObjectPath [0x77CE806E+238]\n\nC:\\Users\\zahar\\AppData\\Local\\Programs\\Python\\Python312\\Lib\\site-packages\\selenium\\webdriver\\remote\\errorhandler.py:229: NoSuchElementException"}, "steps": [{"name": "Закрыть всплывающую рекламу,\n                 если появилась", "status": "passed", "start": 1730324290460, "stop": 1730324296020}, {"name": "Нажать на кнопку категории \"Сериалы\"", "status": "broken", "statusDetails": {"message": "selenium.common.exceptions.NoSuchElementException: Message: no such element: Unable to locate element: {\"method\":\"xpath\",\"selector\":\"/html[1]/body[1]/div[1]/div[1]/div[2]/div[2]/div[1]/div[1]/div[1]/div[1]/div[1]/div[1]/nav[1]/ul[1]/li[4]/a[1]\"}\n  (Session info: chrome=130.0.6723.71); For documentation on this error, please visit: https://www.selenium.dev/documentation/webdriver/troubleshooting/errors#no-such-element-exception\nStacktrace:\n\tGetHandleVerifier [0x00FC38B3+24035]\n\t(No symbol) [0x00F4BC44]\n\t(No symbol) [0x00E2C2D3]\n\t(No symbol) [0x00E6DC86]\n\t(No symbol) [0x00E6DECB]\n\t(No symbol) [0x00EAB9D2]\n\t(No symbol) [0x00E8FED4]\n\t(No symbol) [0x00EA953F]\n\t(No symbol) [0x00E8FC26]\n\t(No symbol) [0x00E6218C]\n\t(No symbol) [0x00E6310D]\n\tGetHandleVerifier [0x012696D3+2800643]\n\tGetHandleVerifier [0x012C428E+3172286]\n\tGetHandleVerifier [0x012BCEA2+3142610]\n\tGetHandleVerifier [0x01066C60+692624]\n\t(No symbol) [0x00F54C5D]\n\t(No symbol) [0x00F51968]\n\t(No symbol) [0x00F51B00]\n\t(No symbol) [0x00F43FB0]\n\tBaseThreadInitThunk [0x7627FCC9+25]\n\tRtlGetAppContainerNamedObjectPath [0x77CE809E+286]\n\tRtlGetAppContainerNamedObjectPath [0x77CE806E+238]\n\n", "trace": "  File \"C:\\Users\\zahar\\AppData\\Local\\Programs\\Python\\Python312\\Lib\\site-packages\\allure_commons\\_allure.py\", line 192, in impl\n    return func(*a, **kw)\n           ^^^^^^^^^^^^^^\n  File \"E:\\Учёба все года\\Skypro\\Skypro_Diplom\\Pages\\Main_Page.py\", line 45, in tv_series_category\n    serials = self.driver.find_element(*self.series_category)\n              ^^^^^^^^^^^^^^^^^^^^^^^^^^^^^^^^^^^^^^^^^^^^^^^\n  File \"C:\\Users\\zahar\\AppData\\Local\\Programs\\Python\\Python312\\Lib\\site-packages\\selenium\\webdriver\\remote\\webdriver.py\", line 741, in find_element\n    return self.execute(Command.FIND_ELEMENT, {\"using\": by, \"value\": value})[\"value\"]\n           ^^^^^^^^^^^^^^^^^^^^^^^^^^^^^^^^^^^^^^^^^^^^^^^^^^^^^^^^^^^^^^^^^\n  File \"C:\\Users\\zahar\\AppData\\Local\\Programs\\Python\\Python312\\Lib\\site-packages\\selenium\\webdriver\\remote\\webdriver.py\", line 347, in execute\n    self.error_handler.check_response(response)\n  File \"C:\\Users\\zahar\\AppData\\Local\\Programs\\Python\\Python312\\Lib\\site-packages\\selenium\\webdriver\\remote\\errorhandler.py\", line 229, in check_response\n    raise exception_class(message, screen, stacktrace)\n"}, "start": 1730324296020, "stop": 1730324301033}], "start": 1730324290460, "stop": 1730324301036, "uuid": "6a563dc1-4ec7-4576-aa74-bc7451505a9a", "historyId": "7936987ebeb7af2564a9a38ae8c83907", "testCaseId": "7936987ebeb7af2564a9a38ae8c83907", "fullName": "test_ui#test_tv_series_category", "labels": [{"name": "suite", "value": "UI-тесты на проверку сайта \"Кинопоиск\""}, {"name": "tag", "value": "positive_test"}, {"name": "host", "value": "DESKTOP-KLGMVKS"}, {"name": "thread", "value": "13712-MainThread"}, {"name": "framework", "value": "pytest"}, {"name": "language", "value": "cpython3"}, {"name": "package", "value": "test_ui"}]}