{"name": "Проверка входа в личный кабинет с пустым полем пароля", "status": "broken", "statusDetails": {"message": "selenium.common.exceptions.TimeoutException: Message: \nStacktrace:\nRemoteError@chrome://remote/content/shared/RemoteError.sys.mjs:8:8\nWebDriverError@chrome://remote/content/shared/webdriver/Errors.sys.mjs:193:5\nNoSuchElementError@chrome://remote/content/shared/webdriver/Errors.sys.mjs:511:5\ndom.find/</<@chrome://remote/content/shared/DOM.sys.mjs:136:16", "trace": "driver = <selenium.webdriver.firefox.webdriver.WebDriver (session=\"13168e58-cbf9-4fd5-bc8e-816178f0ba27\")>\n\n    @allure.suite('''UI-тесты на проверку сайта \"Кинопоиск\"''')\n    @allure.title(\"Проверка входа в личный кабинет с пустым полем пароля\")\n    @pytest.mark.negative_test\n    def test_empty_password_field(driver):\n    \n        main_page = MainPage(driver)\n        main_page.pop_up_ads()\n    \n        main_page.button_login()\n    \n        auth_page = AuthPage(driver)\n>       auth_page.login_field(\"so4nayavishenka@yandex.ru\")\n\ntest_ui.py:92: \n_ _ _ _ _ _ _ _ _ _ _ _ _ _ _ _ _ _ _ _ _ _ _ _ _ _ _ _ _ _ _ _ _ _ _ _ _ _ _ _ _ _ _ _ _ _ _ _ _ _ _ _ _ _ _ _ _ _ _ _ _ _ _ _ _ _ _ _ _ _ _ _ _ _\nPages\\Auth_Page.py:22: in login_field\n    login_box = WebDriverWait(self.driver, 5).until(\n_ _ _ _ _ _ _ _ _ _ _ _ _ _ _ _ _ _ _ _ _ _ _ _ _ _ _ _ _ _ _ _ _ _ _ _ _ _ _ _ _ _ _ _ _ _ _ _ _ _ _ _ _ _ _ _ _ _ _ _ _ _ _ _ _ _ _ _ _ _ _ _ _ _\n\nself = <selenium.webdriver.support.wait.WebDriverWait (session=\"13168e58-cbf9-4fd5-bc8e-816178f0ba27\")>\nmethod = <function visibility_of_element_located.<locals>._predicate at 0x00000279C16CC4A0>, message = ''\n\n    def until(self, method: Callable[[D], Union[Literal[False], T]], message: str = \"\") -> T:\n        \"\"\"Calls the method provided with the driver as an argument until the \\\n        return value does not evaluate to ``False``.\n    \n        :param method: callable(WebDriver)\n        :param message: optional message for :exc:`TimeoutException`\n        :returns: the result of the last call to `method`\n        :raises: :exc:`selenium.common.exceptions.TimeoutException` if timeout occurs\n        \"\"\"\n        screen = None\n        stacktrace = None\n    \n        end_time = time.monotonic() + self._timeout\n        while True:\n            try:\n                value = method(self._driver)\n                if value:\n                    return value\n            except self._ignored_exceptions as exc:\n                screen = getattr(exc, \"screen\", None)\n                stacktrace = getattr(exc, \"stacktrace\", None)\n            time.sleep(self._poll)\n            if time.monotonic() > end_time:\n                break\n>       raise TimeoutException(message, screen, stacktrace)\nE       selenium.common.exceptions.TimeoutException: Message: \nE       Stacktrace:\nE       RemoteError@chrome://remote/content/shared/RemoteError.sys.mjs:8:8\nE       WebDriverError@chrome://remote/content/shared/webdriver/Errors.sys.mjs:193:5\nE       NoSuchElementError@chrome://remote/content/shared/webdriver/Errors.sys.mjs:511:5\nE       dom.find/</<@chrome://remote/content/shared/DOM.sys.mjs:136:16\n\nC:\\Users\\zahar\\AppData\\Local\\Programs\\Python\\Python312\\Lib\\site-packages\\selenium\\webdriver\\support\\wait.py:105: TimeoutException"}, "steps": [{"name": "Закрыть всплывающую рекламу,\n                 если появилась", "status": "passed", "start": 1730323089184, "stop": 1730323094709}, {"name": "Нажать на кнопку \"Войти\"", "status": "passed", "start": 1730323094709, "stop": 1730323096662}, {"name": "ui. Ввести на странице авторизации\n                 в поле \"логин\" логин/e-mail 'so4nayavishenka@yandex.ru'", "status": "broken", "statusDetails": {"message": "selenium.common.exceptions.TimeoutException: Message: \nStacktrace:\nRemoteError@chrome://remote/content/shared/RemoteError.sys.mjs:8:8\nWebDriverError@chrome://remote/content/shared/webdriver/Errors.sys.mjs:193:5\nNoSuchElementError@chrome://remote/content/shared/webdriver/Errors.sys.mjs:511:5\ndom.find/</<@chrome://remote/content/shared/DOM.sys.mjs:136:16\n\n", "trace": "  File \"C:\\Users\\zahar\\AppData\\Local\\Programs\\Python\\Python312\\Lib\\site-packages\\allure_commons\\_allure.py\", line 192, in impl\n    return func(*a, **kw)\n           ^^^^^^^^^^^^^^\n  File \"E:\\Учёба все года\\Skypro\\Skypro_Diplom\\Pages\\Auth_Page.py\", line 22, in login_field\n    login_box = WebDriverWait(self.driver, 5).until(\n                ^^^^^^^^^^^^^^^^^^^^^^^^^^^^^^^^^^^^\n  File \"C:\\Users\\zahar\\AppData\\Local\\Programs\\Python\\Python312\\Lib\\site-packages\\selenium\\webdriver\\support\\wait.py\", line 105, in until\n    raise TimeoutException(message, screen, stacktrace)\n"}, "parameters": [{"name": "login_e_mail", "value": "'so4nayavishenka@yandex.ru'"}], "start": 1730323096662, "stop": 1730323102429}], "start": 1730323089184, "stop": 1730323102449, "uuid": "5b55d88c-8243-4d1c-bcea-f855cfd06b1f", "historyId": "763552b18923877e8d7be7f8e4410344", "testCaseId": "763552b18923877e8d7be7f8e4410344", "fullName": "test_ui#test_empty_password_field", "labels": [{"name": "suite", "value": "UI-тесты на проверку сайта \"Кинопоиск\""}, {"name": "tag", "value": "negative_test"}, {"name": "host", "value": "DESKTOP-KLGMVKS"}, {"name": "thread", "value": "11336-MainThread"}, {"name": "framework", "value": "pytest"}, {"name": "language", "value": "cpython3"}, {"name": "package", "value": "test_ui"}]}